[   121.724] (--) Log file renamed from "/home/lalala/.local/share/xorg/Xorg.pid-3823.log" to "/home/lalala/.local/share/xorg/Xorg.0.log"
[   121.726] 
X.Org X Server 1.20.11
X Protocol Version 11, Revision 0
[   121.726] Build Operating System: linux Ubuntu
[   121.727] Current Operating System: Linux ubuntu 5.13.0-30-generic #33~20.04.1-Ubuntu SMP Mon Feb 7 14:25:10 UTC 2022 x86_64
[   121.727] Kernel command line: BOOT_IMAGE=/boot/vmlinuz-5.13.0-30-generic root=UUID=c26b31f2-c3f6-4302-a1d4-32a7bd5c968d ro find_preseed=/preseed.cfg auto noprompt priority=critical locale=en_US quiet
[   121.727] Build Date: 06 July 2021  10:17:51AM
[   121.727] xorg-server 2:1.20.11-1ubuntu1~20.04.2 (For technical support please see http://www.ubuntu.com/support) 
[   121.727] Current version of pixman: 0.38.4
[   121.727] 	Before reporting problems, check http://wiki.x.org
	to make sure that you have the latest version.
[   121.727] Markers: (--) probed, (**) from config file, (==) default setting,
	(++) from command line, (!!) notice, (II) informational,
	(WW) warning, (EE) error, (NI) not implemented, (??) unknown.
[   121.727] (==) Log file: "/home/lalala/.local/share/xorg/Xorg.0.log", Time: Sat Mar  5 03:33:43 2022
[   121.728] (==) Using system config directory "/usr/share/X11/xorg.conf.d"
[   121.729] (==) No Layout section.  Using the first Screen section.
[   121.729] (==) No screen section available. Using defaults.
[   121.729] (**) |-->Screen "Default Screen Section" (0)
[   121.729] (**) |   |-->Monitor "<default monitor>"
[   121.730] (==) No monitor specified for screen "Default Screen Section".
	Using a default monitor configuration.
[   121.730] (==) Automatically adding devices
[   121.730] (==) Automatically enabling devices
[   121.730] (==) Automatically adding GPU devices
[   121.731] (==) Automatically binding GPU devices
[   121.731] (==) Max clients allowed: 256, resource mask: 0x1fffff
[   121.731] (WW) The directory "/usr/share/fonts/X11/cyrillic" does not exist.
[   121.731] 	Entry deleted from font path.
[   121.731] (WW) The directory "/usr/share/fonts/X11/100dpi/" does not exist.
[   121.731] 	Entry deleted from font path.
[   121.731] (WW) The directory "/usr/share/fonts/X11/75dpi/" does not exist.
[   121.731] 	Entry deleted from font path.
[   121.731] (WW) The directory "/usr/share/fonts/X11/100dpi" does not exist.
[   121.732] 	Entry deleted from font path.
[   121.732] (WW) The directory "/usr/share/fonts/X11/75dpi" does not exist.
[   121.732] 	Entry deleted from font path.
[   121.732] (==) FontPath set to:
	/usr/share/fonts/X11/misc,
	/usr/share/fonts/X11/Type1,
	built-ins
[   121.732] (==) ModulePath set to "/usr/lib/xorg/modules"
[   121.732] (II) The server relies on udev to provide the list of input devices.
	If no devices become available, reconfigure udev or disable AutoAddDevices.
[   121.732] (II) Loader magic: 0x55821b76b020
[   121.732] (II) Module ABI versions:
[   121.732] 	X.Org ANSI C Emulation: 0.4
[   121.733] 	X.Org Video Driver: 24.1
[   121.733] 	X.Org XInput driver : 24.1
[   121.733] 	X.Org Server Extension : 10.0
[   121.734] (++) using VT number 2

[   121.736] (II) systemd-logind: took control of session /org/freedesktop/login1/session/_32
[   121.738] (II) xfree86: Adding drm device (/dev/dri/card0)
[   121.739] (II) systemd-logind: got fd for /dev/dri/card0 226:0 fd 12 paused 0
[   121.745] (--) PCI:*(0@0:15:0) 15ad:0405:15ad:0405 rev 0, Mem @ 0xe8000000/134217728, 0xfe000000/8388608, I/O @ 0x00001070/16, BIOS @ 0x????????/131072
[   121.746] (II) LoadModule: "glx"
[   121.755] (II) Loading /usr/lib/xorg/modules/extensions/libglx.so
[   121.760] (II) Module glx: vendor="X.Org Foundation"
[   121.760] 	compiled for 1.20.11, module version = 1.0.0
[   121.760] 	ABI class: X.Org Server Extension, version 10.0
[   121.760] (==) Matched vmware as autoconfigured driver 0
[   121.760] (==) Matched modesetting as autoconfigured driver 1
[   121.760] (==) Matched fbdev as autoconfigured driver 2
[   121.760] (==) Matched vesa as autoconfigured driver 3
[   121.760] (==) Assigned the driver to the xf86ConfigLayout
[   121.760] (II) LoadModule: "vmware"
[   121.761] (II) Loading /usr/lib/xorg/modules/drivers/vmware_drv.so
[   121.806] (II) Module vmware: vendor="X.Org Foundation"
[   121.806] 	compiled for 1.20.8, module version = 13.3.0
[   121.806] 	Module class: X.Org Video Driver
[   121.807] 	ABI class: X.Org Video Driver, version 24.1
[   121.807] (II) LoadModule: "modesetting"
[   121.807] (II) Loading /usr/lib/xorg/modules/drivers/modesetting_drv.so
[   121.809] (II) Module modesetting: vendor="X.Org Foundation"
[   121.809] 	compiled for 1.20.11, module version = 1.20.11
[   121.809] 	Module class: X.Org Video Driver
[   121.810] 	ABI class: X.Org Video Driver, version 24.1
[   121.810] (II) LoadModule: "fbdev"
[   121.810] (II) Loading /usr/lib/xorg/modules/drivers/fbdev_drv.so
[   121.810] (II) Module fbdev: vendor="X.Org Foundation"
[   121.810] 	compiled for 1.20.1, module version = 0.5.0
[   121.810] 	Module class: X.Org Video Driver
[   121.810] 	ABI class: X.Org Video Driver, version 24.0
[   121.810] (II) LoadModule: "vesa"
[   121.811] (II) Loading /usr/lib/xorg/modules/drivers/vesa_drv.so
[   121.811] (II) Module vesa: vendor="X.Org Foundation"
[   121.811] 	compiled for 1.20.4, module version = 2.4.0
[   121.811] 	Module class: X.Org Video Driver
[   121.811] 	ABI class: X.Org Video Driver, version 24.0
[   121.811] (II) vmware: driver for VMware SVGA: vmware0405, vmware0710
[   121.811] (II) modesetting: Driver for Modesetting Kernel Drivers: kms
[   121.812] (II) FBDEV: driver for framebuffer: fbdev
[   121.812] (II) VESA: driver for VESA chipsets: vesa
[   121.812] xf86EnableIOPorts: failed to set IOPL for I/O (Operation not permitted)
[   121.812] (WW) Falling back to old probe method for modesetting
[   121.812] (WW) Falling back to old probe method for fbdev
[   121.812] (II) Loading sub module "fbdevhw"
[   121.812] (II) LoadModule: "fbdevhw"
[   121.812] (II) Loading /usr/lib/xorg/modules/libfbdevhw.so
[   121.813] (II) Module fbdevhw: vendor="X.Org Foundation"
[   121.813] 	compiled for 1.20.11, module version = 0.0.2
[   121.813] 	ABI class: X.Org Video Driver, version 24.1
[   121.813] (EE) open /dev/fb0: Permission denied
[   121.813] (WW) VGA arbiter: cannot open kernel arbiter, no multi-card support
[   121.813] (II) vmware(0): Creating default Display subsection in Screen section
	"Default Screen Section" for depth/fbbpp 24/32
[   121.813] (--) vmware(0): DRM driver version is 2.18.1
[   121.813] (==) vmware(0): Depth 24, (--) framebuffer bpp 32
[   121.813] (==) vmware(0): RGB weight 888
[   121.813] (==) vmware(0): Default visual is TrueColor
[   121.813] (--) vmware(0): Min width 1, Max Width 16384.
[   121.813] (--) vmware(0): Min height 1, Max Height 16384.
[   121.814] (II) vmware(0): Output Virtual1 has no monitor section
[   121.814] (II) vmware(0): Output Virtual2 has no monitor section
[   121.814] (II) vmware(0): Output Virtual3 has no monitor section
[   121.814] (II) vmware(0): Output Virtual4 has no monitor section
[   121.815] (II) vmware(0): Output Virtual5 has no monitor section
[   121.815] (II) vmware(0): Output Virtual6 has no monitor section
[   121.815] (II) vmware(0): Output Virtual7 has no monitor section
[   121.815] (II) vmware(0): Output Virtual8 has no monitor section
[   121.815] (II) vmware(0): Printing probed modes for output Virtual1
[   121.815] (II) vmware(0): Modeline "800x600"x60.0   42.75  800 850 900 950  600 650 700 750 -hsync +vsync (45.0 kHz eP)
[   121.815] (II) vmware(0): Modeline "3840x2400"x60.0  592.25  3840 3888 3920 4000  2400 2403 2409 2469 +hsync -vsync (148.1 kHz e)
[   121.815] (II) vmware(0): Modeline "3840x2160"x60.0  533.00  3840 3888 3920 4000  2160 2163 2168 2222 +hsync -vsync (133.2 kHz e)
[   121.815] (II) vmware(0): Modeline "2880x1800"x59.9  337.50  2880 2928 2960 3040  1800 1803 1809 1852 +hsync -vsync (111.0 kHz e)
[   121.815] (II) vmware(0): Modeline "2560x1600"x60.0  348.50  2560 2752 3032 3504  1600 1603 1609 1658 -hsync +vsync (99.5 kHz e)
[   121.815] (II) vmware(0): Modeline "2560x1440"x60.0  241.50  2560 2608 2640 2720  1440 1443 1448 1481 +hsync -vsync (88.8 kHz e)
[   121.815] (II) vmware(0): Modeline "1920x1440"x60.0  234.00  1920 2048 2256 2600  1440 1441 1444 1500 -hsync +vsync (90.0 kHz e)
[   121.815] (II) vmware(0): Modeline "1856x1392"x60.0  218.25  1856 1952 2176 2528  1392 1393 1396 1439 -hsync +vsync (86.3 kHz e)
[   121.815] (II) vmware(0): Modeline "1792x1344"x60.0  204.75  1792 1920 2120 2448  1344 1345 1348 1394 -hsync +vsync (83.6 kHz e)
[   121.816] (II) vmware(0): Modeline "1920x1200"x59.9  193.25  1920 2056 2256 2592  1200 1203 1209 1245 -hsync +vsync (74.6 kHz e)
[   121.816] (II) vmware(0): Modeline "1920x1080"x60.0  173.00  1920 2048 2248 2576  1080 1083 1088 1120 -hsync +vsync (67.2 kHz e)
[   121.816] (II) vmware(0): Modeline "1600x1200"x60.0  162.00  1600 1664 1856 2160  1200 1201 1204 1250 +hsync +vsync (75.0 kHz e)
[   121.816] (II) vmware(0): Modeline "1680x1050"x60.0  146.25  1680 1784 1960 2240  1050 1053 1059 1089 -hsync +vsync (65.3 kHz e)
[   121.816] (II) vmware(0): Modeline "1400x1050"x60.0  121.75  1400 1488 1632 1864  1050 1053 1057 1089 -hsync +vsync (65.3 kHz e)
[   121.816] (II) vmware(0): Modeline "1280x1024"x60.0  108.00  1280 1328 1440 1688  1024 1025 1028 1066 +hsync +vsync (64.0 kHz e)
[   121.816] (II) vmware(0): Modeline "1440x900"x59.9  106.50  1440 1520 1672 1904  900 903 909 934 -hsync +vsync (55.9 kHz e)
[   121.816] (II) vmware(0): Modeline "1280x960"x60.0  108.00  1280 1376 1488 1800  960 961 964 1000 +hsync +vsync (60.0 kHz e)
[   121.816] (II) vmware(0): Modeline "1360x768"x60.0   85.50  1360 1424 1536 1792  768 771 777 795 +hsync +vsync (47.7 kHz e)
[   121.816] (II) vmware(0): Modeline "1280x800"x59.8   83.50  1280 1352 1480 1680  800 803 809 831 +hsync -vsync (49.7 kHz e)
[   121.816] (II) vmware(0): Modeline "1152x864"x75.0  108.00  1152 1216 1344 1600  864 865 868 900 +hsync +vsync (67.5 kHz e)
[   121.816] (II) vmware(0): Modeline "1280x768"x59.9   79.50  1280 1344 1472 1664  768 771 778 798 -hsync +vsync (47.8 kHz e)
[   121.816] (II) vmware(0): Modeline "1280x720"x59.9   74.50  1280 1344 1472 1664  720 723 728 748 -hsync +vsync (44.8 kHz e)
[   121.816] (II) vmware(0): Modeline "1024x768"x60.0   65.00  1024 1048 1184 1344  768 771 777 806 -hsync -vsync (48.4 kHz e)
[   121.816] (II) vmware(0): Modeline "800x600"x60.3   40.00  800 840 968 1056  600 601 605 628 +hsync +vsync (37.9 kHz e)
[   121.816] (II) vmware(0): Modeline "640x480"x59.9   25.18  640 656 752 800  480 489 492 525 -hsync -vsync (31.5 kHz e)
[   121.817] (II) vmware(0): EDID for output Virtual2
[   121.817] (II) vmware(0): EDID for output Virtual3
[   121.817] (II) vmware(0): EDID for output Virtual4
[   121.817] (II) vmware(0): EDID for output Virtual5
[   121.817] (II) vmware(0): EDID for output Virtual6
[   121.817] (II) vmware(0): EDID for output Virtual7
[   121.817] (II) vmware(0): EDID for output Virtual8
[   121.817] (II) vmware(0): Output Virtual1 connected
[   121.817] (II) vmware(0): Output Virtual2 disconnected
[   121.817] (II) vmware(0): Output Virtual3 disconnected
[   121.817] (II) vmware(0): Output Virtual4 disconnected
[   121.817] (II) vmware(0): Output Virtual5 disconnected
[   121.817] (II) vmware(0): Output Virtual6 disconnected
[   121.817] (II) vmware(0): Output Virtual7 disconnected
[   121.817] (II) vmware(0): Output Virtual8 disconnected
[   121.817] (II) vmware(0): Using exact sizes for initial modes
[   121.818] (II) vmware(0): Output Virtual1 using initial mode 800x600 +0+0
[   121.818] (==) vmware(0): DPI set to (96, 96)
[   121.818] (==) vmware(0): Using gamma correction (1.0, 1.0, 1.0)
[   121.818] (II) Loading sub module "fb"
[   121.818] (II) LoadModule: "fb"
[   121.818] (II) Loading /usr/lib/xorg/modules/libfb.so
[   121.819] (II) Module fb: vendor="X.Org Foundation"
[   121.819] 	compiled for 1.20.11, module version = 1.0.0
[   121.819] 	ABI class: X.Org ANSI C Emulation, version 0.4
[   121.819] (II) Loading sub module "dri2"
[   121.819] (II) LoadModule: "dri2"
[   121.819] (II) Module "dri2" already built-in
[   121.819] (II) Loading sub module "dri3"
[   121.819] (II) LoadModule: "dri3"
[   121.819] (II) Module "dri3" already built-in
[   121.819] (II) UnloadModule: "modesetting"
[   121.819] (II) Unloading modesetting
[   121.820] (II) UnloadModule: "fbdev"
[   121.820] (II) Unloading fbdev
[   121.820] (II) UnloadSubModule: "fbdevhw"
[   121.820] (II) Unloading fbdevhw
[   121.820] (II) UnloadModule: "vesa"
[   121.820] (II) Unloading vesa
[   121.821] (II) vmware(0): Initialized VMWARE_CTRL extension version 0.2
[   121.841] (II) vmware(0): Gallium3D XA version: 2.5.0.
[   121.841] (II) vmware(0): Path of drm device is "/dev/dri/card0".
[   121.841] (II) vmware(0): [DRI2] Setup complete
[   121.841] (II) vmware(0): [DRI2]   DRI driver: vmwgfx
[   122.307] (--) vmware(0): Render acceleration is enabled.
[   122.307] (==) vmware(0): Rendercheck mode is disabled.
[   122.307] (--) vmware(0): Direct rendering (DRI2 3D) is enabled.
[   122.307] (--) vmware(0): Direct rendering (DRI3 3D) is enabled.
[   122.307] (==) vmware(0): Direct presents are disabled.
[   122.307] (==) vmware(0): Hardware only presents are automatic per scanout.
[   122.307] (==) vmware(0): Backing store enabled
[   122.307] (==) vmware(0): Silken mouse enabled
[   122.308] (==) vmware(0): DPMS enabled
[   122.308] (II) Initializing extension Generic Event Extension
[   122.308] (II) Initializing extension SHAPE
[   122.309] (II) Initializing extension MIT-SHM
[   122.309] (II) Initializing extension XInputExtension
[   122.309] (II) Initializing extension XTEST
[   122.310] (II) Initializing extension BIG-REQUESTS
[   122.310] (II) Initializing extension SYNC
[   122.310] (II) Initializing extension XKEYBOARD
[   122.310] (II) Initializing extension XC-MISC
[   122.310] (II) Initializing extension SECURITY
[   122.310] (II) Initializing extension XFIXES
[   122.310] (II) Initializing extension RENDER
[   122.310] (II) Initializing extension RANDR
[   122.311] (II) Initializing extension COMPOSITE
[   122.311] (II) Initializing extension DAMAGE
[   122.311] (II) Initializing extension MIT-SCREEN-SAVER
[   122.311] (II) Initializing extension DOUBLE-BUFFER
[   122.311] (II) Initializing extension RECORD
[   122.311] (II) Initializing extension DPMS
[   122.311] (II) Initializing extension Present
[   122.312] (II) Initializing extension DRI3
[   122.312] (II) Initializing extension X-Resource
[   122.312] (II) Initializing extension XVideo
[   122.312] (II) Initializing extension XVideo-MotionCompensation
[   122.312] (II) Initializing extension SELinux
[   122.312] (II) SELinux: Disabled on system
[   122.312] (II) Initializing extension GLX
[   122.326] (II) AIGLX: Loaded and initialized vmwgfx
[   122.326] (II) GLX: Initialized DRI2 GL provider for screen 0
[   122.326] (II) Initializing extension XFree86-VidModeExtension
[   122.326] (II) Initializing extension XFree86-DGA
[   122.326] (II) Initializing extension XFree86-DRI
[   122.326] (II) Initializing extension DRI2
[   122.336] (II) vmware(0): Setting screen physical size to 211 x 158
[   122.369] (II) config/udev: Adding input device Power Button (/dev/input/event0)
[   122.369] (**) Power Button: Applying InputClass "libinput keyboard catchall"
[   122.369] (II) LoadModule: "libinput"
[   122.369] (II) Loading /usr/lib/xorg/modules/input/libinput_drv.so
[   122.371] (II) Module libinput: vendor="X.Org Foundation"
[   122.371] 	compiled for 1.20.4, module version = 0.29.0
[   122.371] 	Module class: X.Org XInput Driver
[   122.371] 	ABI class: X.Org XInput driver, version 24.1
[   122.371] (II) Using input driver 'libinput' for 'Power Button'
[   122.372] (II) systemd-logind: got fd for /dev/input/event0 13:64 fd 24 paused 0
[   122.372] (**) Power Button: always reports core events
[   122.372] (**) Option "Device" "/dev/input/event0"
[   122.372] (**) Option "_source" "server/udev"
[   122.374] (II) event0  - Power Button: is tagged by udev as: Keyboard
[   122.374] (II) event0  - Power Button: device is a keyboard
[   122.374] (II) event0  - Power Button: device removed
[   122.374] (**) Option "config_info" "udev:/sys/devices/LNXSYSTM:00/LNXPWRBN:00/input/input0/event0"
[   122.375] (II) XINPUT: Adding extended input device "Power Button" (type: KEYBOARD, id 6)
[   122.375] (**) Option "xkb_model" "SKIP"
[   122.375] (**) Option "xkb_layout" "us"
[   122.400] (II) event0  - Power Button: is tagged by udev as: Keyboard
[   122.400] (II) event0  - Power Button: device is a keyboard
[   122.401] (II) config/udev: Adding input device VMware VMware Virtual USB Mouse (/dev/input/event4)
[   122.401] (**) VMware VMware Virtual USB Mouse: Applying InputClass "libinput pointer catchall"
[   122.401] (II) Using input driver 'libinput' for 'VMware VMware Virtual USB Mouse'
[   122.599] (II) systemd-logind: got fd for /dev/input/event4 13:68 fd 27 paused 0
[   122.599] (**) VMware VMware Virtual USB Mouse: always reports core events
[   122.599] (**) Option "Device" "/dev/input/event4"
[   122.599] (**) Option "_source" "server/udev"
[   122.600] (II) event4  - VMware VMware Virtual USB Mouse: is tagged by udev as: Mouse
[   122.600] (II) event4  - VMware VMware Virtual USB Mouse: device is a pointer
[   122.600] (II) event4  - VMware VMware Virtual USB Mouse: device removed
[   122.600] (**) Option "config_info" "udev:/sys/devices/pci0000:00/0000:00:11.0/0000:02:00.0/usb2/2-1/2-1:1.0/0003:0E0F:0003.0001/input/input5/event4"
[   122.600] (II) XINPUT: Adding extended input device "VMware VMware Virtual USB Mouse" (type: MOUSE, id 7)
[   122.600] (**) Option "AccelerationScheme" "none"
[   122.600] (**) VMware VMware Virtual USB Mouse: (accel) selected scheme none/0
[   122.600] (**) VMware VMware Virtual USB Mouse: (accel) acceleration factor: 2.000
[   122.600] (**) VMware VMware Virtual USB Mouse: (accel) acceleration threshold: 4
[   122.601] (II) event4  - VMware VMware Virtual USB Mouse: is tagged by udev as: Mouse
[   122.602] (II) event4  - VMware VMware Virtual USB Mouse: device is a pointer
[   122.602] (II) config/udev: Adding input device VMware VMware Virtual USB Mouse (/dev/input/mouse2)
[   122.602] (II) No input driver specified, ignoring this device.
[   122.602] (II) This device may have been added with another device file.
[   122.602] (II) config/udev: Adding input device AT Translated Set 2 keyboard (/dev/input/event1)
[   122.602] (**) AT Translated Set 2 keyboard: Applying InputClass "libinput keyboard catchall"
[   122.602] (II) Using input driver 'libinput' for 'AT Translated Set 2 keyboard'
[   122.603] (II) systemd-logind: got fd for /dev/input/event1 13:65 fd 28 paused 0
[   122.604] (**) AT Translated Set 2 keyboard: always reports core events
[   122.604] (**) Option "Device" "/dev/input/event1"
[   122.604] (**) Option "_source" "server/udev"
[   122.604] (II) event1  - AT Translated Set 2 keyboard: is tagged by udev as: Keyboard
[   122.604] (II) event1  - AT Translated Set 2 keyboard: device is a keyboard
[   122.605] (II) event1  - AT Translated Set 2 keyboard: device removed
[   122.605] (**) Option "config_info" "udev:/sys/devices/platform/i8042/serio0/input/input1/event1"
[   122.605] (II) XINPUT: Adding extended input device "AT Translated Set 2 keyboard" (type: KEYBOARD, id 8)
[   122.605] (**) Option "xkb_model" "SKIP"
[   122.605] (**) Option "xkb_layout" "us"
[   122.606] (II) event1  - AT Translated Set 2 keyboard: is tagged by udev as: Keyboard
[   122.606] (II) event1  - AT Translated Set 2 keyboard: device is a keyboard
[   122.606] (II) config/udev: Adding input device VirtualPS/2 VMware VMMouse (/dev/input/event3)
[   122.606] (**) VirtualPS/2 VMware VMMouse: Applying InputClass "libinput pointer catchall"
[   122.607] (II) Using input driver 'libinput' for 'VirtualPS/2 VMware VMMouse'
[   122.607] (II) systemd-logind: got fd for /dev/input/event3 13:67 fd 29 paused 0
[   122.608] (**) VirtualPS/2 VMware VMMouse: always reports core events
[   122.608] (**) Option "Device" "/dev/input/event3"
[   122.608] (**) Option "_source" "server/udev"
[   122.609] (II) event3  - VirtualPS/2 VMware VMMouse: is tagged by udev as: Mouse
[   122.609] (II) event3  - VirtualPS/2 VMware VMMouse: device is a pointer
[   122.609] (II) event3  - VirtualPS/2 VMware VMMouse: device removed
[   122.609] (**) Option "config_info" "udev:/sys/devices/platform/i8042/serio1/input/input3/event3"
[   122.609] (II) XINPUT: Adding extended input device "VirtualPS/2 VMware VMMouse" (type: MOUSE, id 9)
[   122.609] (**) Option "AccelerationScheme" "none"
[   122.609] (**) VirtualPS/2 VMware VMMouse: (accel) selected scheme none/0
[   122.610] (**) VirtualPS/2 VMware VMMouse: (accel) acceleration factor: 2.000
[   122.610] (**) VirtualPS/2 VMware VMMouse: (accel) acceleration threshold: 4
[   122.610] (II) event3  - VirtualPS/2 VMware VMMouse: is tagged by udev as: Mouse
[   122.610] (II) event3  - VirtualPS/2 VMware VMMouse: device is a pointer
[   122.611] (II) config/udev: Adding input device VirtualPS/2 VMware VMMouse (/dev/input/mouse1)
[   122.611] (II) No input driver specified, ignoring this device.
[   122.611] (II) This device may have been added with another device file.
[   122.611] (II) config/udev: Adding input device VirtualPS/2 VMware VMMouse (/dev/input/event2)
[   122.611] (**) VirtualPS/2 VMware VMMouse: Applying InputClass "libinput pointer catchall"
[   122.611] (II) Using input driver 'libinput' for 'VirtualPS/2 VMware VMMouse'
[   122.612] (II) systemd-logind: got fd for /dev/input/event2 13:66 fd 30 paused 0
[   122.613] (**) VirtualPS/2 VMware VMMouse: always reports core events
[   122.613] (**) Option "Device" "/dev/input/event2"
[   122.613] (**) Option "_source" "server/udev"
[   122.615] (II) event2  - VirtualPS/2 VMware VMMouse: is tagged by udev as: Mouse
[   122.615] (II) event2  - VirtualPS/2 VMware VMMouse: device is a pointer
[   122.615] (II) event2  - VirtualPS/2 VMware VMMouse: device removed
[   122.615] (**) Option "config_info" "udev:/sys/devices/platform/i8042/serio1/input/input4/event2"
[   122.615] (II) XINPUT: Adding extended input device "VirtualPS/2 VMware VMMouse" (type: MOUSE, id 10)
[   122.616] (**) Option "AccelerationScheme" "none"
[   122.616] (**) VirtualPS/2 VMware VMMouse: (accel) selected scheme none/0
[   122.616] (**) VirtualPS/2 VMware VMMouse: (accel) acceleration factor: 2.000
[   122.616] (**) VirtualPS/2 VMware VMMouse: (accel) acceleration threshold: 4
[   122.616] (II) event2  - VirtualPS/2 VMware VMMouse: is tagged by udev as: Mouse
[   122.617] (II) event2  - VirtualPS/2 VMware VMMouse: device is a pointer
[   122.617] (II) config/udev: Adding input device VirtualPS/2 VMware VMMouse (/dev/input/mouse0)
[   122.617] (II) No input driver specified, ignoring this device.
[   122.617] (II) This device may have been added with another device file.
[  1960.691] (!!) vmware(0): New layout.
[  1960.691] (!!) vmware(0): 0: 0 0 800 598
[  1960.692] (!!) vmware(0): 
