[2022-03-05T14:24:29.049Z] Validating found git in: git
[2022-03-05T14:24:29.099Z] Using git 2.25.1 from git
[2022-03-05T14:24:29.233Z] > git rev-parse --git-dir [41ms]
[2022-03-05T14:24:29.242Z] Open repository: /home/lalala/my_blog
[2022-03-05T14:24:29.293Z] > git symbolic-ref --short HEAD [18ms]
[2022-03-05T14:24:29.314Z] > git for-each-ref --format=%(refname)%00%(upstream:short)%00%(objectname)%00%(upstream:track) refs/heads/master refs/remotes/master [17ms]
[2022-03-05T14:24:29.325Z] > git remote --verbose [3ms]
[2022-03-05T14:24:29.325Z] > git for-each-ref --sort -committerdate --format %(refname) %(objectname) %(*objectname) [7ms]
[2022-03-05T14:24:29.353Z] > git config --get commit.template [7ms]
[2022-03-05T14:24:29.661Z] > git ls-files --stage -- /home/lalala/my_blog/_config.yml [1ms]
[2022-03-05T14:24:29.668Z] > git cat-file -s 2ac547cd47a2f2906e43ca8fd0320148e8bb3ef9 [2ms]
[2022-03-05T14:28:30.917Z] > git rev-parse --git-dir [1ms]
[2022-03-05T14:28:30.919Z] Open repository: /home/lalala
[2022-03-05T14:28:30.946Z] > git symbolic-ref --short HEAD [1ms]
[2022-03-05T14:28:30.955Z] > git for-each-ref --format=%(refname)%00%(upstream:short)%00%(objectname)%00%(upstream:track) refs/heads/master refs/remotes/master [4ms]
[2022-03-05T14:28:30.962Z] > git for-each-ref --sort -committerdate --format %(refname) %(objectname) %(*objectname) [3ms]
[2022-03-05T14:28:30.963Z] > git remote --verbose [1ms]
[2022-03-05T14:28:31.004Z] > git config --get commit.template [1ms]
[2022-03-05T14:28:40.988Z] > git symbolic-ref --short HEAD [2ms]
[2022-03-05T14:28:40.996Z] > git for-each-ref --format=%(refname)%00%(upstream:short)%00%(objectname)%00%(upstream:track) refs/heads/master refs/remotes/master [2ms]
[2022-03-05T14:28:41.009Z] > git for-each-ref --sort -committerdate --format %(refname) %(objectname) %(*objectname) [6ms]
[2022-03-05T14:28:41.009Z] > git remote --verbose [1ms]
[2022-03-05T14:28:41.042Z] > git config --get commit.template [2ms]
[2022-03-05T14:28:46.065Z] > git symbolic-ref --short HEAD [1ms]
[2022-03-05T14:28:46.070Z] > git for-each-ref --format=%(refname)%00%(upstream:short)%00%(objectname)%00%(upstream:track) refs/heads/master refs/remotes/master [2ms]
[2022-03-05T14:28:46.077Z] > git for-each-ref --sort -committerdate --format %(refname) %(objectname) %(*objectname) [4ms]
[2022-03-05T14:28:46.077Z] > git remote --verbose [1ms]
[2022-03-05T14:28:46.125Z] > git config --get commit.template [11ms]
[2022-03-05T14:28:51.148Z] > git symbolic-ref --short HEAD [2ms]
[2022-03-05T14:28:51.153Z] > git for-each-ref --format=%(refname)%00%(upstream:short)%00%(objectname)%00%(upstream:track) refs/heads/master refs/remotes/master [2ms]
[2022-03-05T14:28:51.161Z] > git for-each-ref --sort -committerdate --format %(refname) %(objectname) %(*objectname) [4ms]
[2022-03-05T14:28:51.161Z] > git remote --verbose [1ms]
[2022-03-05T14:28:51.179Z] > git config --get commit.template [1ms]
[2022-03-05T14:28:56.208Z] > git symbolic-ref --short HEAD [2ms]
[2022-03-05T14:28:56.215Z] > git for-each-ref --format=%(refname)%00%(upstream:short)%00%(objectname)%00%(upstream:track) refs/heads/master refs/remotes/master [2ms]
[2022-03-05T14:28:56.223Z] > git for-each-ref --sort -committerdate --format %(refname) %(objectname) %(*objectname) [4ms]
[2022-03-05T14:28:56.225Z] > git remote --verbose [2ms]
[2022-03-05T14:28:56.247Z] > git config --get commit.template [2ms]
