[2022-03-05T13:14:40.299Z] Validating found git in: git
[2022-03-05T13:14:40.329Z] Using git 2.25.1 from git
[2022-03-05T13:14:40.415Z] > git rev-parse --git-dir [2ms]
[2022-03-05T13:14:40.421Z] Open repository: /home/lalala/my_blog
[2022-03-05T13:14:40.454Z] > git symbolic-ref --short HEAD [9ms]
[2022-03-05T13:14:40.473Z] > git for-each-ref --format=%(refname)%00%(upstream:short)%00%(objectname)%00%(upstream:track) refs/heads/master refs/remotes/master [15ms]
[2022-03-05T13:14:40.485Z] > git for-each-ref --sort -committerdate --format %(refname) %(objectname) %(*objectname) [6ms]
[2022-03-05T13:14:40.500Z] > git remote --verbose [17ms]
[2022-03-05T13:14:40.582Z] > git config --get commit.template [65ms]
[2022-03-05T13:14:40.869Z] > git ls-files --stage -- /home/lalala/my_blog/_config.yml [1ms]
[2022-03-05T13:22:56.731Z] > git symbolic-ref --short HEAD [1ms]
[2022-03-05T13:22:56.736Z] > git for-each-ref --format=%(refname)%00%(upstream:short)%00%(objectname)%00%(upstream:track) refs/heads/master refs/remotes/master [2ms]
[2022-03-05T13:22:56.742Z] > git for-each-ref --sort -committerdate --format %(refname) %(objectname) %(*objectname) [3ms]
[2022-03-05T13:22:56.742Z] > git remote --verbose [1ms]
[2022-03-05T13:22:56.753Z] > git config --get commit.template [2ms]
[2022-03-05T13:23:15.914Z] > git symbolic-ref --short HEAD [1ms]
[2022-03-05T13:23:15.919Z] > git for-each-ref --format=%(refname)%00%(upstream:short)%00%(objectname)%00%(upstream:track) refs/heads/master refs/remotes/master [2ms]
[2022-03-05T13:23:15.924Z] > git for-each-ref --sort -committerdate --format %(refname) %(objectname) %(*objectname) [3ms]
[2022-03-05T13:23:15.925Z] > git remote --verbose [1ms]
[2022-03-05T13:23:15.935Z] > git config --get commit.template [2ms]
[2022-03-05T13:23:27.515Z] > git symbolic-ref --short HEAD [1ms]
[2022-03-05T13:23:27.519Z] > git for-each-ref --format=%(refname)%00%(upstream:short)%00%(objectname)%00%(upstream:track) refs/heads/master refs/remotes/master [1ms]
[2022-03-05T13:23:27.525Z] > git for-each-ref --sort -committerdate --format %(refname) %(objectname) %(*objectname) [3ms]
[2022-03-05T13:23:27.525Z] > git remote --verbose [1ms]
[2022-03-05T13:23:27.534Z] > git config --get commit.template [1ms]
[2022-03-05T13:24:49.598Z] > git symbolic-ref --short HEAD [1ms]
[2022-03-05T13:24:49.602Z] > git for-each-ref --format=%(refname)%00%(upstream:short)%00%(objectname)%00%(upstream:track) refs/heads/master refs/remotes/master [1ms]
[2022-03-05T13:24:49.610Z] > git for-each-ref --sort -committerdate --format %(refname) %(objectname) %(*objectname) [4ms]
[2022-03-05T13:24:49.610Z] > git remote --verbose [1ms]
[2022-03-05T13:24:49.616Z] > git config --get commit.template [1ms]
[2022-03-05T13:34:39.315Z] > git ls-files --stage -- /home/lalala/my_blog/_config.yml [1ms]
[2022-03-05T13:34:39.321Z] > git cat-file -s a1e018951b25c706da48b3863f5dbd5765007451 [1ms]
[2022-03-05T13:35:23.573Z] > git symbolic-ref --short HEAD [1ms]
[2022-03-05T13:35:23.579Z] > git for-each-ref --format=%(refname)%00%(upstream:short)%00%(objectname)%00%(upstream:track) refs/heads/master refs/remotes/master [1ms]
[2022-03-05T13:35:23.585Z] > git for-each-ref --sort -committerdate --format %(refname) %(objectname) %(*objectname) [3ms]
[2022-03-05T13:35:23.585Z] > git remote --verbose [1ms]
[2022-03-05T13:35:23.591Z] > git config --get commit.template [1ms]
[2022-03-05T13:35:44.504Z] > git symbolic-ref --short HEAD [2ms]
[2022-03-05T13:35:44.508Z] > git for-each-ref --format=%(refname)%00%(upstream:short)%00%(objectname)%00%(upstream:track) refs/heads/master refs/remotes/master [1ms]
[2022-03-05T13:35:44.514Z] > git for-each-ref --sort -committerdate --format %(refname) %(objectname) %(*objectname) [3ms]
[2022-03-05T13:35:44.514Z] > git remote --verbose [1ms]
[2022-03-05T13:35:44.519Z] > git config --get commit.template [1ms]
[2022-03-05T13:41:04.924Z] > git symbolic-ref --short HEAD [1ms]
[2022-03-05T13:41:04.929Z] > git for-each-ref --format=%(refname)%00%(upstream:short)%00%(objectname)%00%(upstream:track) refs/heads/master refs/remotes/master [1ms]
[2022-03-05T13:41:04.936Z] > git for-each-ref --sort -committerdate --format %(refname) %(objectname) %(*objectname) [3ms]
[2022-03-05T13:41:04.937Z] > git remote --verbose [1ms]
[2022-03-05T13:41:04.942Z] > git config --get commit.template [1ms]
[2022-03-05T13:41:05.023Z] > git ls-files --stage -- /home/lalala/my_blog/_config.yml [2ms]
[2022-03-05T13:41:05.028Z] > git cat-file -s a1e018951b25c706da48b3863f5dbd5765007451 [1ms]
[2022-03-05T13:41:21.552Z] > git symbolic-ref --short HEAD [2ms]
[2022-03-05T13:41:21.558Z] > git for-each-ref --format=%(refname)%00%(upstream:short)%00%(objectname)%00%(upstream:track) refs/heads/master refs/remotes/master [1ms]
[2022-03-05T13:41:21.564Z] > git for-each-ref --sort -committerdate --format %(refname) %(objectname) %(*objectname) [3ms]
[2022-03-05T13:41:21.565Z] > git remote --verbose [2ms]
[2022-03-05T13:41:21.570Z] > git config --get commit.template [1ms]
[2022-03-05T13:41:21.650Z] > git ls-files --stage -- /home/lalala/my_blog/_config.yml [2ms]
[2022-03-05T13:41:21.656Z] > git cat-file -s d8f044dd8eeec10b0d495e1c06e25f72ebba8506 [1ms]
[2022-03-05T13:41:30.940Z] > git symbolic-ref --short HEAD [2ms]
[2022-03-05T13:41:30.945Z] > git for-each-ref --format=%(refname)%00%(upstream:short)%00%(objectname)%00%(upstream:track) refs/heads/master refs/remotes/master [2ms]
[2022-03-05T13:41:30.950Z] > git for-each-ref --sort -committerdate --format %(refname) %(objectname) %(*objectname) [2ms]
[2022-03-05T13:41:30.951Z] > git remote --verbose [1ms]
[2022-03-05T13:41:30.956Z] > git config --get commit.template [1ms]
[2022-03-05T13:41:31.040Z] > git ls-files --stage -- /home/lalala/my_blog/_config.yml [1ms]
[2022-03-05T13:41:31.044Z] > git cat-file -s d8f044dd8eeec10b0d495e1c06e25f72ebba8506 [1ms]
[2022-03-05T13:43:21.519Z] > git symbolic-ref --short HEAD [1ms]
[2022-03-05T13:43:21.523Z] > git for-each-ref --format=%(refname)%00%(upstream:short)%00%(objectname)%00%(upstream:track) refs/heads/master refs/remotes/master [1ms]
[2022-03-05T13:43:21.529Z] > git for-each-ref --sort -committerdate --format %(refname) %(objectname) %(*objectname) [3ms]
[2022-03-05T13:43:21.530Z] > git remote --verbose [1ms]
[2022-03-05T13:43:21.535Z] > git config --get commit.template [1ms]
[2022-03-05T13:43:21.618Z] > git ls-files --stage -- /home/lalala/my_blog/_config.yml [2ms]
[2022-03-05T13:43:21.622Z] > git cat-file -s d8f044dd8eeec10b0d495e1c06e25f72ebba8506 [1ms]
[2022-03-05T13:43:31.039Z] > git symbolic-ref --short HEAD [1ms]
[2022-03-05T13:43:31.043Z] > git for-each-ref --format=%(refname)%00%(upstream:short)%00%(objectname)%00%(upstream:track) refs/heads/master refs/remotes/master [1ms]
[2022-03-05T13:43:31.050Z] > git for-each-ref --sort -committerdate --format %(refname) %(objectname) %(*objectname) [5ms]
[2022-03-05T13:43:31.051Z] > git remote --verbose [2ms]
[2022-03-05T13:43:31.055Z] > git config --get commit.template [1ms]
[2022-03-05T13:43:31.138Z] > git ls-files --stage -- /home/lalala/my_blog/_config.yml [1ms]
[2022-03-05T13:43:31.142Z] > git cat-file -s d8f044dd8eeec10b0d495e1c06e25f72ebba8506 [1ms]
[2022-03-05T13:45:52.973Z] > git symbolic-ref --short HEAD [1ms]
[2022-03-05T13:45:52.977Z] > git for-each-ref --format=%(refname)%00%(upstream:short)%00%(objectname)%00%(upstream:track) refs/heads/master refs/remotes/master [1ms]
[2022-03-05T13:45:52.983Z] > git for-each-ref --sort -committerdate --format %(refname) %(objectname) %(*objectname) [3ms]
[2022-03-05T13:45:52.984Z] > git remote --verbose [2ms]
[2022-03-05T13:45:52.990Z] > git config --get commit.template [1ms]
[2022-03-05T13:45:53.076Z] > git ls-files --stage -- /home/lalala/my_blog/_config.yml [1ms]
[2022-03-05T13:45:53.080Z] > git cat-file -s d8f044dd8eeec10b0d495e1c06e25f72ebba8506 [1ms]
[2022-03-05T13:46:11.635Z] > git symbolic-ref --short HEAD [2ms]
[2022-03-05T13:46:11.641Z] > git for-each-ref --format=%(refname)%00%(upstream:short)%00%(objectname)%00%(upstream:track) refs/heads/master refs/remotes/master [1ms]
[2022-03-05T13:46:11.649Z] > git remote --verbose [1ms]
[2022-03-05T13:46:11.649Z] > git for-each-ref --sort -committerdate --format %(refname) %(objectname) %(*objectname) [5ms]
[2022-03-05T13:46:11.654Z] > git config --get commit.template [1ms]
[2022-03-05T13:46:11.735Z] > git ls-files --stage -- /home/lalala/my_blog/_config.yml [2ms]
[2022-03-05T13:46:11.738Z] > git cat-file -s d8f044dd8eeec10b0d495e1c06e25f72ebba8506 [1ms]
[2022-03-05T13:46:19.395Z] > git symbolic-ref --short HEAD [1ms]
[2022-03-05T13:46:19.401Z] > git for-each-ref --format=%(refname)%00%(upstream:short)%00%(objectname)%00%(upstream:track) refs/heads/master refs/remotes/master [3ms]
[2022-03-05T13:46:19.408Z] > git for-each-ref --sort -committerdate --format %(refname) %(objectname) %(*objectname) [3ms]
[2022-03-05T13:46:19.409Z] > git remote --verbose [1ms]
[2022-03-05T13:46:19.413Z] > git config --get commit.template [1ms]
[2022-03-05T13:46:19.497Z] > git ls-files --stage -- /home/lalala/my_blog/_config.yml [2ms]
[2022-03-05T13:46:19.502Z] > git cat-file -s d8f044dd8eeec10b0d495e1c06e25f72ebba8506 [2ms]
[2022-03-05T13:46:23.328Z] > git ls-files --stage -- /home/lalala/my_blog/_config.yml [2ms]
[2022-03-05T13:46:23.332Z] > git cat-file -s d8f044dd8eeec10b0d495e1c06e25f72ebba8506 [2ms]
[2022-03-05T13:46:24.425Z] > git symbolic-ref --short HEAD [2ms]
[2022-03-05T13:46:24.430Z] > git for-each-ref --format=%(refname)%00%(upstream:short)%00%(objectname)%00%(upstream:track) refs/heads/master refs/remotes/master [1ms]
[2022-03-05T13:46:24.435Z] > git for-each-ref --sort -committerdate --format %(refname) %(objectname) %(*objectname) [3ms]
[2022-03-05T13:46:24.435Z] > git remote --verbose [1ms]
[2022-03-05T13:46:24.441Z] > git config --get commit.template [2ms]
[2022-03-05T13:51:39.334Z] > git symbolic-ref --short HEAD [1ms]
[2022-03-05T13:51:39.338Z] > git for-each-ref --format=%(refname)%00%(upstream:short)%00%(objectname)%00%(upstream:track) refs/heads/master refs/remotes/master [1ms]
[2022-03-05T13:51:39.346Z] > git for-each-ref --sort -committerdate --format %(refname) %(objectname) %(*objectname) [3ms]
[2022-03-05T13:51:39.347Z] > git remote --verbose [1ms]
[2022-03-05T13:51:39.351Z] > git config --get commit.template [1ms]
[2022-03-05T13:53:30.001Z] > git symbolic-ref --short HEAD [2ms]
[2022-03-05T13:53:30.005Z] > git for-each-ref --format=%(refname)%00%(upstream:short)%00%(objectname)%00%(upstream:track) refs/heads/master refs/remotes/master [1ms]
[2022-03-05T13:53:30.014Z] > git for-each-ref --sort -committerdate --format %(refname) %(objectname) %(*objectname) [5ms]
[2022-03-05T13:53:30.014Z] > git remote --verbose [2ms]
[2022-03-05T13:53:30.020Z] > git config --get commit.template [2ms]
[2022-03-05T14:13:23.302Z] > git symbolic-ref --short HEAD [2ms]
[2022-03-05T14:13:23.306Z] > git for-each-ref --format=%(refname)%00%(upstream:short)%00%(objectname)%00%(upstream:track) refs/heads/master refs/remotes/master [1ms]
[2022-03-05T14:13:23.313Z] > git for-each-ref --sort -committerdate --format %(refname) %(objectname) %(*objectname) [4ms]
[2022-03-05T14:13:23.314Z] > git remote --verbose [1ms]
[2022-03-05T14:13:23.319Z] > git config --get commit.template [1ms]
[2022-03-05T14:13:23.400Z] > git ls-files --stage -- /home/lalala/my_blog/_config.yml [1ms]
[2022-03-05T14:13:23.405Z] > git cat-file -s d8f044dd8eeec10b0d495e1c06e25f72ebba8506 [2ms]
[2022-03-05T14:22:15.274Z] > git symbolic-ref --short HEAD [1ms]
[2022-03-05T14:22:15.282Z] > git for-each-ref --format=%(refname)%00%(upstream:short)%00%(objectname)%00%(upstream:track) refs/heads/master refs/remotes/master [1ms]
[2022-03-05T14:22:15.289Z] > git for-each-ref --sort -committerdate --format %(refname) %(objectname) %(*objectname) [4ms]
[2022-03-05T14:22:15.290Z] > git remote --verbose [2ms]
[2022-03-05T14:22:15.296Z] > git config --get commit.template [1ms]
[2022-03-05T14:22:15.366Z] > git ls-files --stage -- /home/lalala/my_blog/_config.yml [1ms]
[2022-03-05T14:22:15.371Z] > git cat-file -s d8f044dd8eeec10b0d495e1c06e25f72ebba8506 [2ms]
[2022-03-05T14:22:35.440Z] > git symbolic-ref --short HEAD [2ms]
[2022-03-05T14:22:35.445Z] > git for-each-ref --format=%(refname)%00%(upstream:short)%00%(objectname)%00%(upstream:track) refs/heads/master refs/remotes/master [0ms]
[2022-03-05T14:22:35.454Z] > git for-each-ref --sort -committerdate --format %(refname) %(objectname) %(*objectname) [4ms]
[2022-03-05T14:22:35.456Z] > git remote --verbose [2ms]
[2022-03-05T14:22:35.463Z] > git config --get commit.template [2ms]
[2022-03-05T14:22:35.538Z] > git ls-files --stage -- /home/lalala/my_blog/_config.yml [1ms]
[2022-03-05T14:22:35.542Z] > git cat-file -s d8f044dd8eeec10b0d495e1c06e25f72ebba8506 [1ms]
[2022-03-05T14:22:46.415Z] > git symbolic-ref --short HEAD [1ms]
[2022-03-05T14:22:46.420Z] > git for-each-ref --format=%(refname)%00%(upstream:short)%00%(objectname)%00%(upstream:track) refs/heads/master refs/remotes/master [0ms]
[2022-03-05T14:22:46.427Z] > git for-each-ref --sort -committerdate --format %(refname) %(objectname) %(*objectname) [3ms]
[2022-03-05T14:22:46.428Z] > git remote --verbose [1ms]
[2022-03-05T14:22:46.432Z] > git config --get commit.template [1ms]
[2022-03-05T14:22:46.520Z] > git ls-files --stage -- /home/lalala/my_blog/_config.yml [1ms]
[2022-03-05T14:22:46.526Z] > git cat-file -s 2ac547cd47a2f2906e43ca8fd0320148e8bb3ef9 [1ms]
